<?xml version="1.0" encoding="UTF-8" standalone="no"?>
<!DOCTYPE log SYSTEM "logger.dtd">
<log>
<record>
  <date>2017-06-23T17:20:44</date>
  <millis>1498206044191</millis>
  <sequence>0</sequence>
  <level>START</level>
  <class>com.kms.katalon.core.logging.KeywordLogger</class>
  <method>startSuite</method>
  <thread>1</thread>
  <message>Start Test Suite : TSC_UK_PC_2</message>
  <nestedLevel>0</nestedLevel>
  <property name="name">TSC_UK_PC_2</property>
  <property name="description"></property>
  <property name="id">Test Suites/TSC_UK_PC_2</property>
</record>
<record>
  <date>2017-06-23T17:20:44</date>
  <millis>1498206044229</millis>
  <sequence>1</sequence>
  <level>RUN_DATA</level>
  <class>com.kms.katalon.core.logging.KeywordLogger</class>
  <method>logMessage</method>
  <thread>1</thread>
  <message>Logging run data &amp;apos;hostName&amp;apos; with value &amp;apos;User - 10.241.21.212&amp;apos;</message>
  <nestedLevel>0</nestedLevel>
  <property name="hostName">User - 10.241.21.212</property>
</record>
<record>
  <date>2017-06-23T17:20:44</date>
  <millis>1498206044233</millis>
  <sequence>2</sequence>
  <level>RUN_DATA</level>
  <class>com.kms.katalon.core.logging.KeywordLogger</class>
  <method>logMessage</method>
  <thread>1</thread>
  <message>Logging run data &amp;apos;os&amp;apos; with value &amp;apos;Windows 7 64bit&amp;apos;</message>
  <nestedLevel>0</nestedLevel>
  <property name="os">Windows 7 64bit</property>
</record>
<record>
  <date>2017-06-23T17:20:44</date>
  <millis>1498206044234</millis>
  <sequence>3</sequence>
  <level>RUN_DATA</level>
  <class>com.kms.katalon.core.logging.KeywordLogger</class>
  <method>logMessage</method>
  <thread>1</thread>
  <message>Logging run data &amp;apos;hostAddress&amp;apos; with value &amp;apos;10.241.21.212&amp;apos;</message>
  <nestedLevel>0</nestedLevel>
  <property name="hostAddress">10.241.21.212</property>
</record>
<record>
  <date>2017-06-23T17:20:44</date>
  <millis>1498206044235</millis>
  <sequence>4</sequence>
  <level>RUN_DATA</level>
  <class>com.kms.katalon.core.logging.KeywordLogger</class>
  <method>logMessage</method>
  <thread>1</thread>
  <message>Logging run data &amp;apos;katalonVersion&amp;apos; with value &amp;apos;4.6.0.2&amp;apos;</message>
  <nestedLevel>0</nestedLevel>
  <property name="katalonVersion">4.6.0.2</property>
</record>
<record>
  <date>2017-06-23T17:20:44</date>
  <millis>1498206044675</millis>
  <sequence>5</sequence>
  <level>START</level>
  <class>com.kms.katalon.core.logging.KeywordLogger</class>
  <method>startTest</method>
  <thread>1</thread>
  <message>Start Test Case : Test Cases/SCENARIO_TEST/UNITED_KINGDOM/PC/TC_pc_02</message>
  <nestedLevel>1</nestedLevel>
  <property name="name">Test Cases/SCENARIO_TEST/UNITED_KINGDOM/PC/TC_pc_02</property>
  <property name="description"></property>
  <property name="id">Test Cases/SCENARIO_TEST/UNITED_KINGDOM/PC/TC_pc_02</property>
  <property name="source">C:\\Users\\User\\git\\Test_AutomationTest Cases\\SCENARIO_TEST\\UNITED_KINGDOM\\PC\\TC_pc_02.tc</property>
  <property name="isOptional">false</property>
</record>
<record>
  <date>2017-06-23T17:20:44</date>
  <millis>1498206044855</millis>
  <sequence>6</sequence>
  <level>INFO</level>
  <class>com.kms.katalon.core.logging.KeywordLogger</class>
  <method>logMessage</method>
  <thread>1</thread>
  <message>Evaluating variables for test case</message>
  <nestedLevel>1</nestedLevel>
</record>
<record>
  <date>2017-06-23T17:20:45</date>
  <millis>1498206045331</millis>
  <sequence>7</sequence>
  <level>START</level>
  <class>com.kms.katalon.core.logging.KeywordLogger</class>
  <method>startKeyword</method>
  <thread>1</thread>
  <message>Start action : openBrowser</message>
  <nestedLevel>1</nestedLevel>
  <property name="startLine">22</property>
  <property name="stepIndex">1</property>
</record>
<record>
  <date>2017-06-23T17:20:45</date>
  <millis>1498206045681</millis>
  <sequence>8</sequence>
  <level>INFO</level>
  <class>com.kms.katalon.core.logging.KeywordLogger</class>
  <method>logMessage</method>
  <thread>1</thread>
  <message>Opening browser</message>
  <nestedLevel>1</nestedLevel>
</record>
<record>
  <date>2017-06-23T17:20:45</date>
  <millis>1498206045998</millis>
  <sequence>9</sequence>
  <level>INFO</level>
  <class>com.kms.katalon.core.logging.KeywordLogger</class>
  <method>logMessage</method>
  <thread>1</thread>
  <message>Starting &amp;apos;Chrome&amp;apos; driver</message>
  <nestedLevel>1</nestedLevel>
</record>
<record>
  <date>2017-06-23T17:20:49</date>
  <millis>1498206049136</millis>
  <sequence>10</sequence>
  <level>RUN_DATA</level>
  <class>com.kms.katalon.core.logging.KeywordLogger</class>
  <method>logMessage</method>
  <thread>1</thread>
  <message>Logging run data &amp;apos;sessionId&amp;apos; with value &amp;apos;08d74dc59088610e09270469ad93feba&amp;apos;</message>
  <nestedLevel>1</nestedLevel>
  <property name="sessionId">08d74dc59088610e09270469ad93feba</property>
</record>
<record>
  <date>2017-06-23T17:20:49</date>
  <millis>1498206049180</millis>
  <sequence>11</sequence>
  <level>RUN_DATA</level>
  <class>com.kms.katalon.core.logging.KeywordLogger</class>
  <method>logMessage</method>
  <thread>1</thread>
  <message>Logging run data &amp;apos;browser&amp;apos; with value &amp;apos;Chrome 59.0.3071.109&amp;apos;</message>
  <nestedLevel>1</nestedLevel>
  <property name="browser">Chrome 59.0.3071.109</property>
</record>
<record>
  <date>2017-06-23T17:20:49</date>
  <millis>1498206049180</millis>
  <sequence>12</sequence>
  <level>RUN_DATA</level>
  <class>com.kms.katalon.core.logging.KeywordLogger</class>
  <method>logMessage</method>
  <thread>1</thread>
  <message>Logging run data &amp;apos;platform&amp;apos; with value &amp;apos;Windows 7&amp;apos;</message>
  <nestedLevel>1</nestedLevel>
  <property name="platform">Windows 7</property>
</record>
<record>
  <date>2017-06-23T17:20:49</date>
  <millis>1498206049183</millis>
  <sequence>13</sequence>
  <level>RUN_DATA</level>
  <class>com.kms.katalon.core.logging.KeywordLogger</class>
  <method>logMessage</method>
  <thread>1</thread>
  <message>Logging run data &amp;apos;seleniumVersion&amp;apos; with value &amp;apos;2.53.0&amp;apos;</message>
  <nestedLevel>1</nestedLevel>
  <property name="seleniumVersion">2.53.0</property>
</record>
<record>
  <date>2017-06-23T17:20:49</date>
  <millis>1498206049188</millis>
  <sequence>14</sequence>
  <level>RUN_DATA</level>
  <class>com.kms.katalon.core.logging.KeywordLogger</class>
  <method>logMessage</method>
  <thread>1</thread>
  <message>Logging run data &amp;apos;proxyInformation&amp;apos; with value &amp;apos;ProxyInformation{proxyOption=NO_PROXY, proxyServerType=HTTP, password=, proxyServerAddress=, proxyServerPort=0}&amp;apos;</message>
  <nestedLevel>1</nestedLevel>
  <property name="proxyInformation">ProxyInformation{proxyOption=NO_PROXY, proxyServerType=HTTP, password=, proxyServerAddress=, proxyServerPort=0}</property>
</record>
<record>
  <date>2017-06-23T17:20:49</date>
  <millis>1498206049189</millis>
  <sequence>15</sequence>
  <level>PASSED</level>
  <class>com.kms.katalon.core.logging.KeywordLogger</class>
  <method>logMessage</method>
  <thread>1</thread>
  <message>Browser is opened with url: &amp;apos;&amp;apos;</message>
  <nestedLevel>1</nestedLevel>
</record>
<record>
  <date>2017-06-23T17:20:49</date>
  <millis>1498206049191</millis>
  <sequence>16</sequence>
  <level>END</level>
  <class>com.kms.katalon.core.logging.KeywordLogger</class>
  <method>endKeyword</method>
  <thread>1</thread>
  <message>End action : openBrowser</message>
  <nestedLevel>1</nestedLevel>
</record>
<record>
  <date>2017-06-23T17:20:49</date>
  <millis>1498206049193</millis>
  <sequence>17</sequence>
  <level>START</level>
  <class>com.kms.katalon.core.logging.KeywordLogger</class>
  <method>startKeyword</method>
  <thread>1</thread>
  <message>Start action : navigateToUrl</message>
  <nestedLevel>1</nestedLevel>
  <property name="startLine">24</property>
  <property name="stepIndex">2</property>
</record>
<record>
  <date>2017-06-23T17:20:49</date>
  <millis>1498206049227</millis>
  <sequence>18</sequence>
  <level>INFO</level>
  <class>com.kms.katalon.core.logging.KeywordLogger</class>
  <method>logMessage</method>
  <thread>1</thread>
  <message>Checking url</message>
  <nestedLevel>1</nestedLevel>
</record>
<record>
  <date>2017-06-23T17:20:49</date>
  <millis>1498206049229</millis>
  <sequence>19</sequence>
  <level>INFO</level>
  <class>com.kms.katalon.core.logging.KeywordLogger</class>
  <method>logMessage</method>
  <thread>1</thread>
  <message>Navigating to &amp;apos;https://shop.samsung.com/uk/&amp;apos;</message>
  <nestedLevel>1</nestedLevel>
</record>
<record>
  <date>2017-06-23T17:21:08</date>
  <millis>1498206068167</millis>
  <sequence>20</sequence>
  <level>PASSED</level>
  <class>com.kms.katalon.core.logging.KeywordLogger</class>
  <method>logMessage</method>
  <thread>1</thread>
  <message>Navigate to &amp;apos;https://shop.samsung.com/uk/&amp;apos; successfully</message>
  <nestedLevel>1</nestedLevel>
</record>
<record>
  <date>2017-06-23T17:21:08</date>
  <millis>1498206068168</millis>
  <sequence>21</sequence>
  <level>END</level>
  <class>com.kms.katalon.core.logging.KeywordLogger</class>
  <method>endKeyword</method>
  <thread>1</thread>
  <message>End action : navigateToUrl</message>
  <nestedLevel>1</nestedLevel>
</record>
<record>
  <date>2017-06-23T17:21:08</date>
  <millis>1498206068168</millis>
  <sequence>22</sequence>
  <level>START</level>
  <class>com.kms.katalon.core.logging.KeywordLogger</class>
  <method>startKeyword</method>
  <thread>1</thread>
  <message>Start action : click</message>
  <nestedLevel>1</nestedLevel>
  <property name="startLine">26</property>
  <property name="stepIndex">3</property>
</record>
<record>
  <date>2017-06-23T17:21:08</date>
  <millis>1498206068172</millis>
  <sequence>23</sequence>
  <level>INFO</level>
  <class>com.kms.katalon.core.logging.KeywordLogger</class>
  <method>logMessage</method>
  <thread>1</thread>
  <message>Finding Test Object with id &amp;apos;Object Repository/SENARIO_TEST/UNITED_KINGDOM/PC/Page_Home  Samsung Store UK (3)/a_shop&amp;apos;</message>
  <nestedLevel>1</nestedLevel>
</record>
<record>
  <date>2017-06-23T17:21:08</date>
  <millis>1498206068185</millis>
  <sequence>24</sequence>
  <level>INFO</level>
  <class>com.kms.katalon.core.logging.KeywordLogger</class>
  <method>logMessage</method>
  <thread>1</thread>
  <message>Checking object</message>
  <nestedLevel>1</nestedLevel>
</record>
<record>
  <date>2017-06-23T17:21:08</date>
  <millis>1498206068186</millis>
  <sequence>25</sequence>
  <level>INFO</level>
  <class>com.kms.katalon.core.logging.KeywordLogger</class>
  <method>logMessage</method>
  <thread>1</thread>
  <message>Checking timeout</message>
  <nestedLevel>1</nestedLevel>
</record>
<record>
  <date>2017-06-23T17:21:08</date>
  <millis>1498206068189</millis>
  <sequence>26</sequence>
  <level>INFO</level>
  <class>com.kms.katalon.core.logging.KeywordLogger</class>
  <method>logMessage</method>
  <thread>1</thread>
  <message>Finding web element with id: &amp;apos;Object Repository/SENARIO_TEST/UNITED_KINGDOM/PC/Page_Home  Samsung Store UK (3)/a_shop&amp;apos; located by &amp;apos;By.xpath: //a[count(. | id(\&amp;quot;top\&amp;quot;)/header[@class=\&amp;quot;header js-global-nav\&amp;quot;]/nav[@class=\&amp;quot;nav nav--home\&amp;quot;]/div[@class=\&amp;quot;nav__global\&amp;quot;]/div[@class=\&amp;quot;nav__global-inner clearfix\&amp;quot;]/ul[@class=\&amp;quot;nav__primary reset-list\&amp;quot;]/li[@class=\&amp;quot;nav__primary-item nav__primary-item--has-menu\&amp;quot;]/a[@class=\&amp;quot;nav__primary-link\&amp;quot;]) = count(id(\&amp;quot;top\&amp;quot;)/header[@class=\&amp;quot;header js-global-nav\&amp;quot;]/nav[@class=\&amp;quot;nav nav--home\&amp;quot;]/div[@class=\&amp;quot;nav__global\&amp;quot;]/div[@class=\&amp;quot;nav__global-inner clearfix\&amp;quot;]/ul[@class=\&amp;quot;nav__primary reset-list\&amp;quot;]/li[@class=\&amp;quot;nav__primary-item nav__primary-item--has-menu\&amp;quot;]/a[@class=\&amp;quot;nav__primary-link\&amp;quot;])]&amp;apos; in &amp;apos;30&amp;apos; second(s)</message>
  <nestedLevel>1</nestedLevel>
</record>
<record>
  <date>2017-06-23T17:21:08</date>
  <millis>1498206068281</millis>
  <sequence>27</sequence>
  <level>INFO</level>
  <class>com.kms.katalon.core.logging.KeywordLogger</class>
  <method>logMessage</method>
  <thread>1</thread>
  <message>Found 5 web elements with id: &amp;apos;Object Repository/SENARIO_TEST/UNITED_KINGDOM/PC/Page_Home  Samsung Store UK (3)/a_shop&amp;apos; located by &amp;apos;By.xpath: //a[count(. | id(\&amp;quot;top\&amp;quot;)/header[@class=\&amp;quot;header js-global-nav\&amp;quot;]/nav[@class=\&amp;quot;nav nav--home\&amp;quot;]/div[@class=\&amp;quot;nav__global\&amp;quot;]/div[@class=\&amp;quot;nav__global-inner clearfix\&amp;quot;]/ul[@class=\&amp;quot;nav__primary reset-list\&amp;quot;]/li[@class=\&amp;quot;nav__primary-item nav__primary-item--has-menu\&amp;quot;]/a[@class=\&amp;quot;nav__primary-link\&amp;quot;]) = count(id(\&amp;quot;top\&amp;quot;)/header[@class=\&amp;quot;header js-global-nav\&amp;quot;]/nav[@class=\&amp;quot;nav nav--home\&amp;quot;]/div[@class=\&amp;quot;nav__global\&amp;quot;]/div[@class=\&amp;quot;nav__global-inner clearfix\&amp;quot;]/ul[@class=\&amp;quot;nav__primary reset-list\&amp;quot;]/li[@class=\&amp;quot;nav__primary-item nav__primary-item--has-menu\&amp;quot;]/a[@class=\&amp;quot;nav__primary-link\&amp;quot;])]&amp;apos; in &amp;apos;30&amp;apos; second(s)</message>
  <nestedLevel>1</nestedLevel>
</record>
<record>
  <date>2017-06-23T17:21:08</date>
  <millis>1498206068283</millis>
  <sequence>28</sequence>
  <level>INFO</level>
  <class>com.kms.katalon.core.logging.KeywordLogger</class>
  <method>logMessage</method>
  <thread>1</thread>
  <message>Clicking on object: &amp;apos;Object Repository/SENARIO_TEST/UNITED_KINGDOM/PC/Page_Home  Samsung Store UK (3)/a_shop&amp;apos;</message>
  <nestedLevel>1</nestedLevel>
</record>
<record>
  <date>2017-06-23T17:21:08</date>
  <millis>1498206068368</millis>
  <sequence>29</sequence>
  <level>PASSED</level>
  <class>com.kms.katalon.core.logging.KeywordLogger</class>
  <method>logMessage</method>
  <thread>1</thread>
  <message>Object: &amp;apos;Object Repository/SENARIO_TEST/UNITED_KINGDOM/PC/Page_Home  Samsung Store UK (3)/a_shop&amp;apos; is clicked on</message>
  <nestedLevel>1</nestedLevel>
</record>
<record>
  <date>2017-06-23T17:21:08</date>
  <millis>1498206068368</millis>
  <sequence>30</sequence>
  <level>END</level>
  <class>com.kms.katalon.core.logging.KeywordLogger</class>
  <method>endKeyword</method>
  <thread>1</thread>
  <message>End action : click</message>
  <nestedLevel>1</nestedLevel>
</record>
<record>
  <date>2017-06-23T17:21:08</date>
  <millis>1498206068369</millis>
  <sequence>31</sequence>
  <level>START</level>
  <class>com.kms.katalon.core.logging.KeywordLogger</class>
  <method>startKeyword</method>
  <thread>1</thread>
  <message>Start action : click</message>
  <nestedLevel>1</nestedLevel>
  <property name="startLine">28</property>
  <property name="stepIndex">4</property>
</record>
<record>
  <date>2017-06-23T17:21:08</date>
  <millis>1498206068370</millis>
  <sequence>32</sequence>
  <level>INFO</level>
  <class>com.kms.katalon.core.logging.KeywordLogger</class>
  <method>logMessage</method>
  <thread>1</thread>
  <message>Finding Test Object with id &amp;apos;Object Repository/SENARIO_TEST/UNITED_KINGDOM/PC/Page_Mobiles  Samsung Store UK/a_GALAXY S Series&amp;apos;</message>
  <nestedLevel>1</nestedLevel>
</record>
<record>
  <date>2017-06-23T17:21:08</date>
  <millis>1498206068375</millis>
  <sequence>33</sequence>
  <level>INFO</level>
  <class>com.kms.katalon.core.logging.KeywordLogger</class>
  <method>logMessage</method>
  <thread>1</thread>
  <message>Checking object</message>
  <nestedLevel>1</nestedLevel>
</record>
<record>
  <date>2017-06-23T17:21:08</date>
  <millis>1498206068376</millis>
  <sequence>34</sequence>
  <level>INFO</level>
  <class>com.kms.katalon.core.logging.KeywordLogger</class>
  <method>logMessage</method>
  <thread>1</thread>
  <message>Checking timeout</message>
  <nestedLevel>1</nestedLevel>
</record>
<record>
  <date>2017-06-23T17:21:08</date>
  <millis>1498206068377</millis>
  <sequence>35</sequence>
  <level>INFO</level>
  <class>com.kms.katalon.core.logging.KeywordLogger</class>
  <method>logMessage</method>
  <thread>1</thread>
  <message>Finding web element with id: &amp;apos;Object Repository/SENARIO_TEST/UNITED_KINGDOM/PC/Page_Mobiles  Samsung Store UK/a_GALAXY S Series&amp;apos; located by &amp;apos;By.xpath: //a[count(. | id(\&amp;quot;top\&amp;quot;)/div[@class=\&amp;quot;container\&amp;quot;]/div[@class=\&amp;quot;listing\&amp;quot;]/div[@class=\&amp;quot;row\&amp;quot;]/div[@class=\&amp;quot;xlarge-2 large-3 column\&amp;quot;]/div[@class=\&amp;quot;listing__filters-outer\&amp;quot;]/div[@class=\&amp;quot;listing__filters-inner\&amp;quot;]/div[@class=\&amp;quot;listing__filters listing__filters--active\&amp;quot;]/div[@class=\&amp;quot;listing__filters-group\&amp;quot;]/ul[@class=\&amp;quot;listing__filters-group-list reset-list\&amp;quot;]/li[@class=\&amp;quot;listing__filters-item\&amp;quot;]/a[1]) = count(id(\&amp;quot;top\&amp;quot;)/div[@class=\&amp;quot;container\&amp;quot;]/div[@class=\&amp;quot;listing\&amp;quot;]/div[@class=\&amp;quot;row\&amp;quot;]/div[@class=\&amp;quot;xlarge-2 large-3 column\&amp;quot;]/div[@class=\&amp;quot;listing__filters-outer\&amp;quot;]/div[@class=\&amp;quot;listing__filters-inner\&amp;quot;]/div[@class=\&amp;quot;listing__filters listing__filters--active\&amp;quot;]/div[@class=\&amp;quot;listing__filters-group\&amp;quot;]/ul[@class=\&amp;quot;listing__filters-group-list reset-list\&amp;quot;]/li[@class=\&amp;quot;listing__filters-item\&amp;quot;]/a[1])]&amp;apos; in &amp;apos;30&amp;apos; second(s)</message>
  <nestedLevel>1</nestedLevel>
</record>
<record>
  <date>2017-06-23T17:21:39</date>
  <millis>1498206099909</millis>
  <sequence>36</sequence>
  <level>FAILED</level>
  <class>com.kms.katalon.core.logging.KeywordLogger</class>
  <method>logMessage</method>
  <thread>1</thread>
  <message>Unable to click on object &amp;apos;Object Repository/SENARIO_TEST/UNITED_KINGDOM/PC/Page_Mobiles  Samsung Store UK/a_GALAXY S Series&amp;apos; (Root cause: com.kms.katalon.core.webui.exception.WebElementNotFoundException: Web element with id: &amp;apos;Object Repository/SENARIO_TEST/UNITED_KINGDOM/PC/Page_Mobiles  Samsung Store UK/a_GALAXY S Series&amp;apos; located by &amp;apos;By.xpath: //a[count(. | id(\&amp;quot;top\&amp;quot;)/div[@class=\&amp;quot;container\&amp;quot;]/div[@class=\&amp;quot;listing\&amp;quot;]/div[@class=\&amp;quot;row\&amp;quot;]/div[@class=\&amp;quot;xlarge-2 large-3 column\&amp;quot;]/div[@class=\&amp;quot;listing__filters-outer\&amp;quot;]/div[@class=\&amp;quot;listing__filters-inner\&amp;quot;]/div[@class=\&amp;quot;listing__filters listing__filters--active\&amp;quot;]/div[@class=\&amp;quot;listing__filters-group\&amp;quot;]/ul[@class=\&amp;quot;listing__filters-group-list reset-list\&amp;quot;]/li[@class=\&amp;quot;listing__filters-item\&amp;quot;]/a[1]) = count(id(\&amp;quot;top\&amp;quot;)/div[@class=\&amp;quot;container\&amp;quot;]/div[@class=\&amp;quot;listing\&amp;quot;]/div[@class=\&amp;quot;row\&amp;quot;]/div[@class=\&amp;quot;xlarge-2 large-3 column\&amp;quot;]/div[@class=\&amp;quot;listing__filters-outer\&amp;quot;]/div[@class=\&amp;quot;listing__filters-inner\&amp;quot;]/div[@class=\&amp;quot;listing__filters listing__filters--active\&amp;quot;]/div[@class=\&amp;quot;listing__filters-group\&amp;quot;]/ul[@class=\&amp;quot;listing__filters-group-list reset-list\&amp;quot;]/li[@class=\&amp;quot;listing__filters-item\&amp;quot;]/a[1])]&amp;apos; not found)</message>
  <nestedLevel>1</nestedLevel>
  <property name="attachment">1498206099429.png</property>
</record>
<record>
  <date>2017-06-23T17:21:39</date>
  <millis>1498206099913</millis>
  <sequence>37</sequence>
  <level>END</level>
  <class>com.kms.katalon.core.logging.KeywordLogger</class>
  <method>endKeyword</method>
  <thread>1</thread>
  <message>End action : click</message>
  <nestedLevel>1</nestedLevel>
</record>
<record>
  <date>2017-06-23T17:21:39</date>
  <millis>1498206099914</millis>
  <sequence>38</sequence>
  <logger>com.kms.katalon.core.logging.KeywordLogger</logger>
  <level>FAILED</level>
  <class>com.kms.katalon.core.logging.KeywordLogger</class>
  <method>logMessage</method>
  <thread>1</thread>
  <message>Test Cases/SCENARIO_TEST/UNITED_KINGDOM/PC/TC_pc_02 FAILED because (of) Unable to click on object &amp;apos;Object Repository/SENARIO_TEST/UNITED_KINGDOM/PC/Page_Mobiles  Samsung Store UK/a_GALAXY S Series&amp;apos; (Root cause: com.kms.katalon.core.webui.exception.WebElementNotFoundException: Web element with id: &amp;apos;Object Repository/SENARIO_TEST/UNITED_KINGDOM/PC/Page_Mobiles  Samsung Store UK/a_GALAXY S Series&amp;apos; located by &amp;apos;By.xpath: //a[count(. | id(\&amp;quot;top\&amp;quot;)/div[@class=\&amp;quot;container\&amp;quot;]/div[@class=\&amp;quot;listing\&amp;quot;]/div[@class=\&amp;quot;row\&amp;quot;]/div[@class=\&amp;quot;xlarge-2 large-3 column\&amp;quot;]/div[@class=\&amp;quot;listing__filters-outer\&amp;quot;]/div[@class=\&amp;quot;listing__filters-inner\&amp;quot;]/div[@class=\&amp;quot;listing__filters listing__filters--active\&amp;quot;]/div[@class=\&amp;quot;listing__filters-group\&amp;quot;]/ul[@class=\&amp;quot;listing__filters-group-list reset-list\&amp;quot;]/li[@class=\&amp;quot;listing__filters-item\&amp;quot;]/a[1]) = count(id(\&amp;quot;top\&amp;quot;)/div[@class=\&amp;quot;container\&amp;quot;]/div[@class=\&amp;quot;listing\&amp;quot;]/div[@class=\&amp;quot;row\&amp;quot;]/div[@class=\&amp;quot;xlarge-2 large-3 column\&amp;quot;]/div[@class=\&amp;quot;listing__filters-outer\&amp;quot;]/div[@class=\&amp;quot;listing__filters-inner\&amp;quot;]/div[@class=\&amp;quot;listing__filters listing__filters--active\&amp;quot;]/div[@class=\&amp;quot;listing__filters-group\&amp;quot;]/ul[@class=\&amp;quot;listing__filters-group-list reset-list\&amp;quot;]/li[@class=\&amp;quot;listing__filters-item\&amp;quot;]/a[1])]&amp;apos; not found)</message>
  <exception>
    <message>com.kms.katalon.core.exception.StepFailedException: Unable to click on object 'Object Repository/SENARIO_TEST/UNITED_KINGDOM/PC/Page_Mobiles  Samsung Store UK/a_GALAXY S Series' (Root cause: com.kms.katalon.core.webui.exception.WebElementNotFoundException: Web element with id: 'Object Repository/SENARIO_TEST/UNITED_KINGDOM/PC/Page_Mobiles  Samsung Store UK/a_GALAXY S Series' located by 'By.xpath: //a[count(. | id("top")/div[@class="container"]/div[@class="listing"]/div[@class="row"]/div[@class="xlarge-2 large-3 column"]/div[@class="listing__filters-outer"]/div[@class="listing__filters-inner"]/div[@class="listing__filters listing__filters--active"]/div[@class="listing__filters-group"]/ul[@class="listing__filters-group-list reset-list"]/li[@class="listing__filters-item"]/a[1]) = count(id("top")/div[@class="container"]/div[@class="listing"]/div[@class="row"]/div[@class="xlarge-2 large-3 column"]/div[@class="listing__filters-outer"]/div[@class="listing__filters-inner"]/div[@class="listing__filters listing__filters--active"]/div[@class="listing__filters-group"]/ul[@class="listing__filters-group-list reset-list"]/li[@class="listing__filters-item"]/a[1])]' not found)</message>
    <frame>
      <class>com.kms.katalon.core.keyword.internal.KeywordMain</class>
      <method>stepFailed</method>
      <line>28</line>
    </frame>
    <frame>
      <class>com.kms.katalon.core.webui.keyword.internal.WebUIKeywordMain</class>
      <method>stepFailed</method>
      <line>49</line>
    </frame>
    <frame>
      <class>com.kms.katalon.core.webui.keyword.internal.WebUIKeywordMain</class>
      <method>runKeyword</method>
      <line>27</line>
    </frame>
    <frame>
      <class>com.kms.katalon.core.webui.keyword.builtin.ClickKeyword</class>
      <method>click</method>
      <line>86</line>
    </frame>
    <frame>
      <class>com.kms.katalon.core.webui.keyword.builtin.ClickKeyword</class>
      <method>execute</method>
      <line>67</line>
    </frame>
    <frame>
      <class>com.kms.katalon.core.keyword.internal.KeywordExecutor</class>
      <method>executeKeywordForPlatform</method>
      <line>53</line>
    </frame>
    <frame>
      <class>com.kms.katalon.core.webui.keyword.WebUiBuiltInKeywords</class>
      <method>click</method>
      <line>637</line>
    </frame>
    <frame>
      <class>com.kms.katalon.core.webui.keyword.WebUiBuiltInKeywords$click$1</class>
      <method>call</method>
    </frame>
    <frame>
      <class>org.codehaus.groovy.runtime.callsite.CallSiteArray</class>
      <method>defaultCall</method>
      <line>48</line>
    </frame>
    <frame>
      <class>org.codehaus.groovy.runtime.callsite.AbstractCallSite</class>
      <method>call</method>
      <line>113</line>
    </frame>
    <frame>
      <class>org.codehaus.groovy.runtime.callsite.AbstractCallSite</class>
      <method>call</method>
      <line>125</line>
    </frame>
    <frame>
      <class>Script1498205512143</class>
      <method>run</method>
      <line>28</line>
    </frame>
    <frame>
      <class>com.kms.katalon.core.main.ScriptEngine</class>
      <method>run</method>
      <line>180</line>
    </frame>
    <frame>
      <class>com.kms.katalon.core.main.ScriptEngine</class>
      <method>runScriptAsRawText</method>
      <line>106</line>
    </frame>
    <frame>
      <class>com.kms.katalon.core.main.TestCaseExecutor</class>
      <method>runScript</method>
      <line>213</line>
    </frame>
    <frame>
      <class>com.kms.katalon.core.main.TestCaseExecutor</class>
      <method>doExecute</method>
      <line>204</line>
    </frame>
    <frame>
      <class>com.kms.katalon.core.main.TestCaseExecutor</class>
      <method>processExecutionPhase</method>
      <line>183</line>
    </frame>
    <frame>
      <class>com.kms.katalon.core.main.TestCaseExecutor</class>
      <method>accessMainPhase</method>
      <line>175</line>
    </frame>
    <frame>
      <class>com.kms.katalon.core.main.TestCaseExecutor</class>
      <method>execute</method>
      <line>158</line>
    </frame>
    <frame>
      <class>com.kms.katalon.core.main.TestCaseMain</class>
      <method>runTestCase</method>
      <line>102</line>
    </frame>
    <frame>
      <class>com.kms.katalon.core.main.TestCaseMain$runTestCase$0</class>
      <method>call</method>
    </frame>
    <frame>
      <class>org.codehaus.groovy.runtime.callsite.CallSiteArray</class>
      <method>defaultCall</method>
      <line>48</line>
    </frame>
    <frame>
      <class>org.codehaus.groovy.runtime.callsite.AbstractCallSite</class>
      <method>call</method>
      <line>113</line>
    </frame>
    <frame>
      <class>org.codehaus.groovy.runtime.callsite.AbstractCallSite</class>
      <method>call</method>
      <line>141</line>
    </frame>
    <frame>
      <class>TempTestSuite1498206041891</class>
      <method>runTestCase_0</method>
      <line>18</line>
    </frame>
    <frame>
      <class>sun.reflect.NativeMethodAccessorImpl</class>
      <method>invoke0</method>
    </frame>
    <frame>
      <class>sun.reflect.NativeMethodAccessorImpl</class>
      <method>invoke</method>
      <line>62</line>
    </frame>
    <frame>
      <class>sun.reflect.DelegatingMethodAccessorImpl</class>
      <method>invoke</method>
      <line>43</line>
    </frame>
    <frame>
      <class>java.lang.reflect.Method</class>
      <method>invoke</method>
      <line>498</line>
    </frame>
    <frame>
      <class>org.codehaus.groovy.reflection.CachedMethod</class>
      <method>invoke</method>
      <line>93</line>
    </frame>
    <frame>
      <class>groovy.lang.MetaMethod</class>
      <method>doMethodInvoke</method>
      <line>325</line>
    </frame>
    <frame>
      <class>org.codehaus.groovy.runtime.metaclass.ClosureMetaClass</class>
      <method>invokeMethod</method>
      <line>384</line>
    </frame>
    <frame>
      <class>org.codehaus.groovy.runtime.ScriptBytecodeAdapter</class>
      <method>invokeMethodOnCurrentN</method>
      <line>82</line>
    </frame>
    <frame>
      <class>org.codehaus.groovy.runtime.ScriptBytecodeAdapter</class>
      <method>invokeMethodOnCurrent0</method>
      <line>113</line>
    </frame>
    <frame>
      <class>TempTestSuite1498206041891$_run_closure1</class>
      <method>doCall</method>
      <line>44</line>
    </frame>
    <frame>
      <class>sun.reflect.NativeMethodAccessorImpl</class>
      <method>invoke0</method>
    </frame>
    <frame>
      <class>sun.reflect.NativeMethodAccessorImpl</class>
      <method>invoke</method>
      <line>62</line>
    </frame>
    <frame>
      <class>sun.reflect.DelegatingMethodAccessorImpl</class>
      <method>invoke</method>
      <line>43</line>
    </frame>
    <frame>
      <class>java.lang.reflect.Method</class>
      <method>invoke</method>
      <line>498</line>
    </frame>
    <frame>
      <class>org.codehaus.groovy.reflection.CachedMethod</class>
      <method>invoke</method>
      <line>93</line>
    </frame>
    <frame>
      <class>groovy.lang.MetaMethod</class>
      <method>doMethodInvoke</method>
      <line>325</line>
    </frame>
    <frame>
      <class>org.codehaus.groovy.runtime.metaclass.ClosureMetaClass</class>
      <method>invokeMethod</method>
      <line>294</line>
    </frame>
    <frame>
      <class>groovy.lang.MetaClassImpl</class>
      <method>invokeMethod</method>
      <line>1024</line>
    </frame>
    <frame>
      <class>groovy.lang.Closure</class>
      <method>call</method>
      <line>414</line>
    </frame>
    <frame>
      <class>groovy.lang.Closure</class>
      <method>call</method>
      <line>430</line>
    </frame>
    <frame>
      <class>org.codehaus.groovy.runtime.DefaultGroovyMethods</class>
      <method>each</method>
      <line>2030</line>
    </frame>
    <frame>
      <class>org.codehaus.groovy.runtime.DefaultGroovyMethods</class>
      <method>each</method>
      <line>2015</line>
    </frame>
    <frame>
      <class>org.codehaus.groovy.runtime.DefaultGroovyMethods</class>
      <method>each</method>
      <line>2056</line>
    </frame>
    <frame>
      <class>org.codehaus.groovy.runtime.dgm$162</class>
      <method>invoke</method>
    </frame>
    <frame>
      <class>org.codehaus.groovy.runtime.callsite.PojoMetaMethodSite$PojoMetaMethodSiteNoUnwrapNoCoerce</class>
      <method>invoke</method>
      <line>274</line>
    </frame>
    <frame>
      <class>org.codehaus.groovy.runtime.callsite.PojoMetaMethodSite</class>
      <method>call</method>
      <line>56</line>
    </frame>
    <frame>
      <class>org.codehaus.groovy.runtime.callsite.CallSiteArray</class>
      <method>defaultCall</method>
      <line>48</line>
    </frame>
    <frame>
      <class>org.codehaus.groovy.runtime.callsite.AbstractCallSite</class>
      <method>call</method>
      <line>113</line>
    </frame>
    <frame>
      <class>org.codehaus.groovy.runtime.callsite.AbstractCallSite</class>
      <method>call</method>
      <line>125</line>
    </frame>
    <frame>
      <class>TempTestSuite1498206041891</class>
      <method>run</method>
      <line>43</line>
    </frame>
    <frame>
      <class>groovy.lang.GroovyShell</class>
      <method>runScriptOrMainOrTestOrRunnable</method>
      <line>263</line>
    </frame>
    <frame>
      <class>groovy.lang.GroovyShell</class>
      <method>run</method>
      <line>518</line>
    </frame>
    <frame>
      <class>groovy.lang.GroovyShell</class>
      <method>run</method>
      <line>507</line>
    </frame>
    <frame>
      <class>groovy.ui.GroovyMain</class>
      <method>processOnce</method>
      <line>653</line>
    </frame>
    <frame>
      <class>groovy.ui.GroovyMain</class>
      <method>run</method>
      <line>384</line>
    </frame>
    <frame>
      <class>groovy.ui.GroovyMain</class>
      <method>process</method>
      <line>370</line>
    </frame>
    <frame>
      <class>groovy.ui.GroovyMain</class>
      <method>processArgs</method>
      <line>129</line>
    </frame>
    <frame>
      <class>groovy.ui.GroovyMain</class>
      <method>main</method>
      <line>109</line>
    </frame>
    <frame>
      <class>sun.reflect.NativeMethodAccessorImpl</class>
      <method>invoke0</method>
    </frame>
    <frame>
      <class>sun.reflect.NativeMethodAccessorImpl</class>
      <method>invoke</method>
      <line>62</line>
    </frame>
    <frame>
      <class>sun.reflect.DelegatingMethodAccessorImpl</class>
      <method>invoke</method>
      <line>43</line>
    </frame>
    <frame>
      <class>java.lang.reflect.Method</class>
      <method>invoke</method>
      <line>498</line>
    </frame>
    <frame>
      <class>org.codehaus.groovy.tools.GroovyStarter</class>
      <method>rootLoader</method>
      <line>109</line>
    </frame>
    <frame>
      <class>org.codehaus.groovy.tools.GroovyStarter</class>
      <method>main</method>
      <line>131</line>
    </frame>
  </exception>
  <nestedLevel>0</nestedLevel>
</record>
<record>
  <date>2017-06-23T17:21:39</date>
  <millis>1498206099954</millis>
  <sequence>39</sequence>
  <level>END</level>
  <class>com.kms.katalon.core.logging.KeywordLogger</class>
  <method>endTest</method>
  <thread>1</thread>
  <message>End Test Case : Test Cases/SCENARIO_TEST/UNITED_KINGDOM/PC/TC_pc_02</message>
  <nestedLevel>0</nestedLevel>
</record>
<record>
  <date>2017-06-23T17:21:39</date>
  <millis>1498206099956</millis>
  <sequence>40</sequence>
  <level>END</level>
  <class>com.kms.katalon.core.logging.KeywordLogger</class>
  <method>endSuite</method>
  <thread>1</thread>
  <message>End Test Suite : TSC_UK_PC_2</message>
  <nestedLevel>0</nestedLevel>
</record>
</log>
